<?xml version='1.0'?>
<ns2:test-suite xmlns:ns2='urn:model.allure.qatools.yandex.ru' start='1657784521813' stop='1657784577576'>
    <name>Verify staff profile details cortect</name>
    <title>Verify staff profile details cortect</title>
    <test-cases>
        <test-case start='1657784521813' status='failed' stop='1657784577575'>
            <name>staff</name>
            <title>staff</title>
            <labels>
                <label name='language' value='javascript'/>
                <label name='framework' value='wdio'/>
                <label name='thread' value='0-0'/>
                <label name='language' value='javascript'/>
                <label name='framework' value='wdio'/>
                <label name='thread' value='0-0'/>
            </labels>
            <parameters>
                <parameter kind='argument' name='browser' value='chrome-101.0.4951.54'/>
                <parameter kind='argument' name='browser' value='chrome-101.0.4951.54'/>
            </parameters>
            <steps/>
            <attachments>
                <attachment title='Screenshot' source='b7db8671-0dd7-44b7-b92a-c1bdadd4aafd-attachment.png' type='image/png' size='76705'/>
            </attachments>
            <failure>
                <message>expected 'Employee' to equal 'lohny'      
                      actual expected
                      
                      'Employeelohny'
                      </message>
                <stack-trace>AssertionError: expected 'Employee' to equal 'lohny'
                    at Context.&lt;anonymous> (/home/vaibhav/Desktop/demoproject/Alis/test/Staffverification/Verifystaffprofiledataiscorrect.js:58:36)</stack-trace>
            </failure>
        </test-case>
    </test-cases>
</ns2:test-suite>