<?xml version='1.0'?>
<ns2:test-suite xmlns:ns2='urn:model.allure.qatools.yandex.ru' start='1658728095824' stop='1658728127518'>
    <name>Verify discount and scholarship on billing summary tally properly </name>
    <title>Verify discount and scholarship on billing summary tally properly </title>
    <test-cases>
        <test-case start='1658728095825' status='failed' stop='1658728127518'>
            <name> Tally discount and scholarhip</name>
            <title> Tally discount and scholarhip</title>
            <labels>
                <label name='language' value='javascript'/>
                <label name='framework' value='wdio'/>
                <label name='thread' value='0-0'/>
                <label name='language' value='javascript'/>
                <label name='framework' value='wdio'/>
                <label name='thread' value='0-0'/>
            </labels>
            <parameters>
                <parameter kind='argument' name='browser' value='chrome-101.0.4951.54'/>
                <parameter kind='argument' name='browser' value='chrome-101.0.4951.54'/>
            </parameters>
            <steps/>
            <attachments>
                <attachment title='Screenshot' source='59eab0da-90c9-4134-be56-8f60250532b6-attachment.png' type='image/png' size='129330'/>
            </attachments>
            <failure>
                <message>₹0.00: expected 'discount on Biil is:' to equal '₹0.00'      
                      actual expected
                      
                      'discount on Biil is:₹0.00'
                      </message>
                <stack-trace>AssertionError: ₹0.00: expected 'discount on Biil is:' to equal '₹0.00'
                    at Context.&lt;anonymous> (/home/vaibhav/Desktop/demoproject/Alis/test/Admissions/Verifydiscountandscholarshipsummarytallyproperly.js:37:58)</stack-trace>
            </failure>
        </test-case>
    </test-cases>
</ns2:test-suite>