<?xml version='1.0'?>
<ns2:test-suite xmlns:ns2='urn:model.allure.qatools.yandex.ru' start='1657784584811' stop='1657784631775'>
    <name>Verify staff profile details cortect</name>
    <title>Verify staff profile details cortect</title>
    <test-cases>
        <test-case start='1657784584812' status='failed' stop='1657784631775'>
            <name>staff</name>
            <title>staff</title>
            <labels>
                <label name='language' value='javascript'/>
                <label name='framework' value='wdio'/>
                <label name='thread' value='0-0'/>
                <label name='language' value='javascript'/>
                <label name='framework' value='wdio'/>
                <label name='thread' value='0-0'/>
            </labels>
            <parameters>
                <parameter kind='argument' name='browser' value='chrome-101.0.4951.54'/>
                <parameter kind='argument' name='browser' value='chrome-101.0.4951.54'/>
            </parameters>
            <steps/>
            <attachments>
                <attachment title='Screenshot' source='64ee3b7d-5914-4c6a-9385-b7974ab858ea-attachment.png' type='image/png' size='77077'/>
            </attachments>
            <failure>
                <message>expected 'Akshay' to equal 'lohny'      
                      actual expected
                      
                      'Akshaylohny'
                      </message>
                <stack-trace>AssertionError: expected 'Akshay' to equal 'lohny'
                    at Context.&lt;anonymous> (/home/vaibhav/Desktop/demoproject/Alis/test/Staffverification/Verifystaffprofiledataiscorrect.js:58:36)</stack-trace>
            </failure>
        </test-case>
    </test-cases>
</ns2:test-suite>