<?xml version='1.0'?>
<ns2:test-suite xmlns:ns2='urn:model.allure.qatools.yandex.ru' start='1657783970536' stop='1657784065502'>
    <name>Verify staff profile details cortect</name>
    <title>Verify staff profile details cortect</title>
    <test-cases>
        <test-case start='1657783970536' status='failed' stop='1657784065502'>
            <name>staff</name>
            <title>staff</title>
            <labels>
                <label name='language' value='javascript'/>
                <label name='framework' value='wdio'/>
                <label name='thread' value='0-0'/>
                <label name='language' value='javascript'/>
                <label name='framework' value='wdio'/>
                <label name='thread' value='0-0'/>
            </labels>
            <parameters>
                <parameter kind='argument' name='browser' value='chrome-101.0.4951.54'/>
                <parameter kind='argument' name='browser' value='chrome-101.0.4951.54'/>
            </parameters>
            <steps/>
            <attachments>
                <attachment title='Screenshot' source='cca2e094-d34a-4245-a741-47d6a40449d7-attachment.png' type='image/png' size='70665'/>
            </attachments>
            <failure>
                <message>expected 'Junior' to equal 'Faculty'      
                      actual expected
                      
                      'JuniorFaculty'
                      </message>
                <stack-trace>AssertionError: expected 'Junior' to equal 'Faculty'
                    at Context.&lt;anonymous> (/home/vaibhav/Desktop/demoproject/Alis/test/Staffverification/Verifystaffprofiledataiscorrect.js:76:38)</stack-trace>
            </failure>
        </test-case>
    </test-cases>
</ns2:test-suite>