<?xml version='1.0'?>
<ns2:test-suite xmlns:ns2='urn:model.allure.qatools.yandex.ru' start='1658813075040' stop='1658813108417'>
    <name>Verify only one radiobutton selectable at a time </name>
    <title>Verify only one radiobutton selectable at a time </title>
    <test-cases>
        <test-case start='1658813075040' status='failed' stop='1658813108416'>
            <name> only one radiobutton selectable at a time</name>
            <title> only one radiobutton selectable at a time</title>
            <labels>
                <label name='language' value='javascript'/>
                <label name='framework' value='wdio'/>
                <label name='thread' value='0-0'/>
                <label name='language' value='javascript'/>
                <label name='framework' value='wdio'/>
                <label name='thread' value='0-0'/>
            </labels>
            <parameters>
                <parameter kind='argument' name='browser' value='chrome-101.0.4951.54'/>
                <parameter kind='argument' name='browser' value='chrome-101.0.4951.54'/>
            </parameters>
            <steps/>
            <attachments>
                <attachment title='Screenshot' source='c48e93e8-6c6d-44ac-a7f0-ca3287432f45-attachment.png' type='image/png' size='150053'/>
            </attachments>
            <failure>
                <message>expected false to equal true      
                      actual expected
                      
                      falsetrue
                      </message>
                <stack-trace>AssertionError: expected false to equal true
                    at Context.&lt;anonymous> (/home/vaibhav/Desktop/demoproject/Alis/test/Admissions/Verifyonlyoneradiobuttonselectedatatime.js:34:27)</stack-trace>
            </failure>
        </test-case>
    </test-cases>
</ns2:test-suite>