<?xml version='1.0'?>
<ns2:test-suite xmlns:ns2='urn:model.allure.qatools.yandex.ru' start='1658303915134' stop='1658303953662'>
    <name>verify new window opens after clicking on view button of  </name>
    <title>verify new window opens after clicking on view button of  </title>
    <test-cases>
        <test-case start='1658303915135' status='failed' stop='1658303953661'>
            <name>Verify new window opens or not</name>
            <title>Verify new window opens or not</title>
            <labels>
                <label name='language' value='javascript'/>
                <label name='framework' value='wdio'/>
                <label name='thread' value='0-0'/>
                <label name='language' value='javascript'/>
                <label name='framework' value='wdio'/>
                <label name='thread' value='0-0'/>
            </labels>
            <parameters>
                <parameter kind='argument' name='browser' value='chrome-101.0.4951.54'/>
                <parameter kind='argument' name='browser' value='chrome-101.0.4951.54'/>
            </parameters>
            <steps/>
            <attachments>
                <attachment title='Screenshot' source='62a675f3-a0f5-4f6c-a75f-4e312d7ac9b2-attachment.png' type='image/png' size='80872'/>
            </attachments>
            <failure>
                <message>expected undefined to not equal undefined</message>
                <stack-trace>AssertionError: expected undefined to not equal undefined
                    at Context.&lt;anonymous> (/home/vaibhav/Desktop/demoproject/Alis/test/Admissions/Verifyafterclickingonviewbuttonofidentitynewwindowopens.js:49:39)</stack-trace>
            </failure>
        </test-case>
    </test-cases>
</ns2:test-suite>