<?xml version='1.0'?>
<ns2:test-suite xmlns:ns2='urn:model.allure.qatools.yandex.ru' start='1657782818800' stop='1657782899906'>
    <name>Verify staff profile details cortect</name>
    <title>Verify staff profile details cortect</title>
    <test-cases>
        <test-case start='1657782818801' status='failed' stop='1657782899905'>
            <name>staff</name>
            <title>staff</title>
            <labels>
                <label name='language' value='javascript'/>
                <label name='framework' value='wdio'/>
                <label name='thread' value='0-0'/>
                <label name='language' value='javascript'/>
                <label name='framework' value='wdio'/>
                <label name='thread' value='0-0'/>
            </labels>
            <parameters>
                <parameter kind='argument' name='browser' value='chrome-101.0.4951.54'/>
                <parameter kind='argument' name='browser' value='chrome-101.0.4951.54'/>
            </parameters>
            <steps/>
            <attachments>
                <attachment title='Screenshot' source='665e2fae-181c-47a4-8e69-a17526cdcb0f-attachment.png' type='image/png' size='73793'/>
            </attachments>
            <failure>
                <message>expected '9744600982' to equal 9744600982      
                      actual expected
                      
                      '9744600982'
                      </message>
                <stack-trace>AssertionError: expected '9744600982' to equal 9744600982
                    at Context.&lt;anonymous> (/home/vaibhav/Desktop/demoproject/Alis/test/Staffverification/Verifystaffprofiledataiscorrect.js:64:40)</stack-trace>
            </failure>
        </test-case>
    </test-cases>
</ns2:test-suite>